[main be3c836] backup 2024-02-10 01:45:58
 1 file changed, 2 insertions(+)
[main 1ab8d1c] backup 2024-02-10 01:47:47
 2 files changed, 8 insertions(+)
[main 95f9c26] backup 2024-02-10 01:48:40
 2 files changed, 8 insertions(+)
[main 16d2698] backup 2024-02-10 19:39:33
 10 files changed, 673223 insertions(+)
 create mode 100644 printer_data/gcodes/.thumbs/corner_lock_body_4_ABS_23m9s-300x300.png
 create mode 100644 printer_data/gcodes/.thumbs/corner_lock_body_4_ABS_23m9s-32x32.png
 create mode 100644 printer_data/gcodes/.thumbs/corner_lock_body_4_ABS_40m16s-300x300.png
 create mode 100644 printer_data/gcodes/.thumbs/corner_lock_body_4_ABS_40m16s-32x32.png
 create mode 100644 printer_data/gcodes/.thumbs/lock_body_4mm_ABS_1h25m-300x300.png
 create mode 100644 printer_data/gcodes/.thumbs/lock_body_4mm_ABS_1h25m-32x32.png
 create mode 100644 printer_data/gcodes/corner_lock_body_4_ABS_23m9s.gcode
 create mode 100644 printer_data/gcodes/corner_lock_body_4_ABS_40m16s.gcode
 create mode 100644 printer_data/gcodes/lock_body_4mm_ABS_1h25m.gcode
On branch main
Your branch is up to date with 'origin/main'.

nothing to commit, working tree clean
branch 'main' set up to track 'origin/main'.
[main b5a0773] backup 2024-02-10 19:40:00
 2 files changed, 27 insertions(+)
On branch main
Your branch is up to date with 'origin/main'.

nothing to commit, working tree clean
branch 'main' set up to track 'origin/main'.
[main e122cdd] backup 2024-02-10 19:40:58
 1 file changed, 2 insertions(+)
On branch main
Your branch is up to date with 'origin/main'.

nothing to commit, working tree clean
branch 'main' set up to track 'origin/main'.
[main f0508fd] backup 2024-02-10 19:41:23
 2 files changed, 18 insertions(+)
On branch main
Your branch is up to date with 'origin/main'.

nothing to commit, working tree clean
branch 'main' set up to track 'origin/main'.
HEAD is now at a0b88c2 initial commit
HEAD is now at a0b88c2 initial commit
