[2024-02-10 01:45:44]: Backing /home/pi/ up to Git
[2024-02-10 01:45:44]: Adding changes to push
[2024-02-10 01:45:58]: Backing /home/pi/ up to Git
[2024-02-10 01:45:58]: Adding changes to push
[2024-02-10 01:45:58]: Committing to Git repository
[2024-02-10 01:45:58]: Pushing to Git repository
[2024-02-10 01:45:58]: /home/pi/ backed up
[2024-02-10 01:45:58]: Log rotation is disabled
[2024-02-10 01:47:46]: Backing /home/pi/ up to Git
[2024-02-10 01:47:46]: Adding changes to push
[2024-02-10 01:47:47]: Committing to Git repository
[2024-02-10 01:47:47]: Pushing to Git repository
[2024-02-10 01:47:47]: /home/pi/ backed up
[2024-02-10 01:47:47]: Log rotation is disabled
[2024-02-10 01:48:40]: Backing /home/pi/ up to Git
[2024-02-10 01:48:40]: Adding changes to push
[2024-02-10 01:48:40]: Committing to Git repository
[2024-02-10 01:48:40]: Pushing to Git repository
[2024-02-10 01:48:41]: /home/pi/ backed up
[2024-02-10 01:48:41]: Log rotation is disabled
[2024-02-10 01:55:16]: Backing /home/pi/ up to Git
[2024-02-10 01:55:16]: Adding changes to push
[2024-02-10 19:39:32]: Backing /home/pi/ up to Git
[2024-02-10 19:39:32]: Adding changes to push
[2024-02-10 19:39:33]: Committing to Git repository
[2024-02-10 19:39:34]: Pushing to Git repository
[2024-02-10 19:39:35]: /home/pi/ backed up
[2024-02-10 19:39:35]: Backing /home/pi/printer_data/config up to Git
[2024-02-10 19:39:35]: Adding changes to push
[2024-02-10 19:39:35]: Committing to Git repository
[2024-02-10 19:39:35]: Pushing to Git repository
[2024-02-10 19:39:36]: /home/pi/printer_data/config backed up
[2024-02-10 19:39:36]: Log rotation is disabled
[2024-02-10 19:40:00]: Backing /home/pi/ up to Git
[2024-02-10 19:40:00]: Adding changes to push
[2024-02-10 19:40:00]: Committing to Git repository
[2024-02-10 19:40:00]: Pushing to Git repository
[2024-02-10 19:40:01]: /home/pi/ backed up
[2024-02-10 19:40:01]: Backing /home/pi/printer_data/config up to Git
[2024-02-10 19:40:01]: Adding changes to push
[2024-02-10 19:40:01]: Committing to Git repository
[2024-02-10 19:40:01]: Pushing to Git repository
[2024-02-10 19:40:02]: /home/pi/printer_data/config backed up
[2024-02-10 19:40:02]: Log rotation is disabled
[2024-02-10 19:40:28]: Backing /home/pi/ up to Git
[2024-02-10 19:40:28]: Adding changes to push
[2024-02-10 19:40:57]: Backing /home/pi/ up to Git
[2024-02-10 19:40:57]: Adding changes to push
[2024-02-10 19:40:58]: Committing to Git repository
[2024-02-10 19:40:58]: Pushing to Git repository
[2024-02-10 19:40:58]: /home/pi/ backed up
[2024-02-10 19:40:58]: Backing /home/pi/printer_data/config up to Git
[2024-02-10 19:40:58]: Adding changes to push
[2024-02-10 19:40:58]: Committing to Git repository
[2024-02-10 19:40:58]: Pushing to Git repository
[2024-02-10 19:40:59]: /home/pi/printer_data/config backed up
[2024-02-10 19:40:59]: Log rotation is disabled
[2024-02-10 19:41:23]: Backing /home/pi/ up to Git
[2024-02-10 19:41:23]: Adding changes to push
[2024-02-10 19:41:23]: Committing to Git repository
[2024-02-10 19:41:23]: Pushing to Git repository
[2024-02-10 19:41:24]: /home/pi/ backed up
[2024-02-10 19:41:24]: Backing /home/pi/printer_data/config up to Git
[2024-02-10 19:41:24]: Adding changes to push
[2024-02-10 19:41:24]: Committing to Git repository
[2024-02-10 19:41:24]: Pushing to Git repository
[2024-02-10 19:41:24]: /home/pi/printer_data/config backed up
[2024-02-10 19:41:24]: Log rotation is disabled
[2024-02-10 19:41:57]: Started backup of /home/pi/printer_data/config
[2024-02-10 19:41:57]: Making a local backup of the current configuration
[2024-02-10 19:41:57]: Restoring config
[2024-02-10 19:42:02]: Old config folder is located at /home/pi/printer_data/config_2024-02-10.bak
[2024-02-10 19:43:45]: Started backup of /home/pi/printer_data/config
[2024-02-10 19:43:45]: Making a local backup of the current configuration
[2024-02-10 19:43:45]: Restoring config
[2024-02-10 19:43:53]: Old config folder is located at /home/pi/printer_data/config_2024-02-10.bak
[2024-02-10 19:46:32]: Backing /home/pi/ up to Git
[2024-02-10 19:46:32]: Adding changes to push
[2024-02-10 19:46:33]: Committing to Git repository
[2024-02-10 19:46:33]: Pushing to Git repository
[2024-02-10 19:46:34]: /home/pi/ backed up
[2024-02-10 19:46:34]: Backing /home/pi/printer_data/config up to Git
[2024-02-10 19:46:34]: Adding changes to push
[2024-02-10 19:46:34]: Committing to Git repository
[2024-02-10 19:46:34]: Pushing to Git repository
[2024-02-10 19:46:35]: /home/pi/printer_data/config backed up
[2024-02-10 19:46:35]: Log rotation is disabled
[2024-02-10 19:47:54]: Backing /home/pi/ up to Git
[2024-02-10 19:47:54]: Adding changes to push
[2024-02-10 19:49:02]: Backing /home/pi/ up to Git
[2024-02-10 19:49:02]: Adding changes to push
[2024-02-10 19:49:03]: Committing to Git repository
[2024-02-10 19:49:03]: Pushing to Git repository
[2024-02-10 19:49:03]: /home/pi/ backed up
[2024-02-10 19:49:03]: Backing /home/pi/printer_data/config up to Git
[2024-02-10 19:49:03]: Adding changes to push
[2024-02-10 19:49:03]: Committing to Git repository
[2024-02-10 19:49:03]: Pushing to Git repository
[2024-02-10 19:49:04]: /home/pi/printer_data/config backed up
[2024-02-10 19:49:04]: Log rotation is disabled
[2024-02-10 19:49:31]: Backing /home/pi/ up to Git
[2024-02-10 19:49:31]: Adding changes to push
[2024-02-10 19:52:11]: Backing /home/pi/ up to Git
[2024-02-10 19:52:11]: Adding changes to push
[2024-02-10 19:53:22]: Backing /home/pi/ up to Git
[2024-02-10 19:53:22]: Adding changes to push
